ncsim 15.20-s039
Linux 2.6.32-754.el6.x86_64 #1 SMP Tue Jun 19 21:26:04 UTC 2018 x86_64
CPU cores: 40
Limit information:
======================================
cputime			unlimited
filesize		unlimited
datasize		unlimited
stacksize		10240 kbytes
coredumpsize	0 kbytes
memoryuse		unlimited
vmemoryuse		unlimited
descriptors		4096
memorylocked	64 kbytes
maxproc			1024
======================================
(Special)Runtime environment variables:

Runtime environment variables:
USER=b06167
LOGNAME=b06167
HOME=/home/raid7_2/userb06/b06167
PATH=/usr/spring_soft/verdi/cur/bin:/usr/spring_soft/verdi/cur/nLint/bin:/usr/cad/cadence/INCISIV/cur/tools/bin:/usr/cad/cadence/INCISIV/cur/tools/vtools/vfault/bin:/usr/cad/cadence/INCISIV/cur/tools/dfII/bin:/usr/cad/innovus/cur/tools/celtic/bin:/usr/cad/innovus/cur/tools/plato/bin:/usr/cad/innovus/cur/tools/dfII/bin:/usr/cad/innovus/cur/tools/bin:/usr/cad/innovus/cur//tools/tlfUtil/bin:/usr/cad/spring_soft/laker/cur/bin:/usr/cad/synopsys/customexplorer/cur/bin:/usr/cad/synopsys/vera/cur/cur/bin:/usr/cad/synopsys/vcs/cur/bin:/usr/cad/synopsys/vcs/cur/linux/bin:/usr/cad/synopsys/vcs/cur/linux/util:/usr/cad/synopsys/vcs/cur/linux/flexlm:/usr/cad/synopsys/tmax/cur/bin:/usr/cad/synopsys/star-rcxt/cur/amd64_starrc/bin:/usr/cad/synopsys/scirocco/cur/bin:/usr/bin/X11:/usr/cad/synopsys/primetime/cur/amd64/syn/bin:/usr/bin/X11:/usr/cad/synopsys/primepower/cur/bin:/usr/cad/synopsys/pathmill/cur/amd64/pm/bin:/usr/cad/synopsys/nanosim/cur/bin:/usr/cad/synopsys/nanosim/cur/linux/ns/bin:/usr/cad/synopsys/leda/cur/bin:/usr/cad/synopsys/hspice/cur/hspice/bin:/usr/cad/synopsys/hspice/cur/hspice/GNU/linux64/gcc/bin:/usr/cad/synopsys/hspice/cur/hspice/linux64:/usr/bin:/usr/ucb/bin:/usr/cad/synopsys/hercules/cur/bin/AMD.64:/usr/cad/synopsys/formality/cur/bin:/usr/cad/synopsys/cosmos_scope/cur/ai_bin:/usr/cad/synopsys/ccss/cur/linux/ccss/bin:/usr/bin/X11:/usr/cad/synopsys/coreConsultant/cur/bin:/usr/cad/synopsys/synthesis/cur/amd64/syn/bin:/usr/cad/synopsys/lc/cur/bin:/usr/cad/synopsys/astro/cur/bin/AMD.64:/usr/spring_soft/verdi/cur/bin:/usr/spring_soft/verdi/cur/nLint/bin:/usr/mentor/calibre/cur/bin:/usr/cad/cadence/STRATUS/cur/tools/bin:/usr/cad/cadence/JASPER/cur/bin:/usr/cad/cadence/JASPER/cur/bin:/usr/cad/cadence/JASPER/cur/bin:/usr/cad/cadence/JASPER/cur/bin:/usr/cad/cadence/JASPER/cur/bin:/usr/cad/cadence/JASPER/cur/bin:/usr/cad/cadence/JASPER/cur/bin:/usr/cad/cadence/EDI/cur/tools/celtic/bin:/usr/cad/cadence/EDI/cur/tools/plato/bin:/usr/cad/cadence/EDI/cur/tools/dfII/bin:/usr/cad/cadence/EDI/cur/tools/fe/bin:/usr/cad/cadence/EDI/cur/tools/cdsdoc/bin:/usr/cad/cadence/EDI/cur/tools/bin:/usr/cad/cadence/EDI/cur//tools/tlfUtil/bin:/usr/cad/cadence/RC/cur/tools/bin:/usr/cad/cadence/MMSIM/cur/tools/dfII/bin:/usr/cad/cadence/MMSIM/cur/tools/bin:/usr/cad/cadence/NEOCIRCUIT/cur/tools/NeoCircuit/bin:bin.linux:/usr/cad/cadence/SPB/cur/tools/specctra/bin:/usr/cad/cadence/SPB/cur/tools/pcb/bin:/usr/cad/cadence/SPB/cur/tools/dfII/bin:/usr/cad/cadence/SPB/cur/tools/bin:/usr/cad/cadence/INCISIV/cur/tools/bin:/usr/cad/cadence/INCISIV/cur/tools/vtools/vfault/bin:/usr/cad/cadence/INCISIV/cur/tools/dfII/bin:/usr/cad/cadence/IC/cur/tools/dfII/bin:/usr/cad/cadence/IC/cur/tools/dracula/bin:/usr/cad/cadence/IC/cur/tools/bin:/usr/cad/cadence/EXT/cur/tools/bin:/usr/cad/cadence/ETS/cur/tools/bin:/usr/cad/cadence/CONFRML/cur/./bin:/usr/cad/cadence/CONFRML/cur/tools/bin:/usr/cad/cadence/CCD/cur/tools/bin:/usr/cad/cadence/ASSURA/cur/tools/assura/bin:/usr/cad/cadence/ASSURA/cur/tools/dsm/bin:/usr/cad/cadence/ASSURA/cur/tools/bin:/usr/cad/cadence/ASSURA/cur/tools/dfII/bin:/usr/lib64/qt-3.3/bin:/usr/local/bin:/bin:/usr/bin:/home/raid7_4/raid1_1/linux/novas/verdi/cur/bin
MAIL=/var/spool/mail/b06167
SHELL=/bin/tcsh
SSH_CLIENT=140.112.247.15 51286 22
SSH_CONNECTION=140.112.247.15 51286 140.112.20.72 22
SSH_TTY=/dev/pts/40
TERM=xterm
DISPLAY=localhost:28.0
SELINUX_ROLE_REQUESTED=
SELINUX_LEVEL_REQUESTED=
SELINUX_USE_CURRENT_RANGE=
HOSTTYPE=x86_64-linux
VENDOR=unknown
OSTYPE=linux
MACHTYPE=x86_64
SHLVL=1
PWD=/home/raid7_2/userb06/b06167/DSD_Final/Extension/Compression/DEADxF625/src_half_word
GROUP=user
HOST=cad29
REMOTEHOST=vater.m6.ntu.edu.tw
HOSTNAME=cad29
LS_COLORS=rs=0:di=01;34:ln=01;36:mh=00:pi=40;33:so=01;35:do=01;35:bd=40;33;01:cd=40;33;01:or=40;31;01:mi=01;05;37;41:su=37;41:sg=30;43:ca=30;41:tw=30;42:ow=34;42:st=37;44:ex=01;32:*.tar=01;31:*.tgz=01;31:*.arj=01;31:*.taz=01;31:*.lzh=01;31:*.lzma=01;31:*.tlz=01;31:*.txz=01;31:*.zip=01;31:*.z=01;31:*.Z=01;31:*.dz=01;31:*.gz=01;31:*.lz=01;31:*.xz=01;31:*.bz2=01;31:*.tbz=01;31:*.tbz2=01;31:*.bz=01;31:*.tz=01;31:*.deb=01;31:*.rpm=01;31:*.jar=01;31:*.rar=01;31:*.ace=01;31:*.zoo=01;31:*.cpio=01;31:*.7z=01;31:*.rz=01;31:*.jpg=01;35:*.jpeg=01;35:*.gif=01;35:*.bmp=01;35:*.pbm=01;35:*.pgm=01;35:*.ppm=01;35:*.tga=01;35:*.xbm=01;35:*.xpm=01;35:*.tif=01;35:*.tiff=01;35:*.png=01;35:*.svg=01;35:*.svgz=01;35:*.mng=01;35:*.pcx=01;35:*.mov=01;35:*.mpg=01;35:*.mpeg=01;35:*.m2v=01;35:*.mkv=01;35:*.ogm=01;35:*.mp4=01;35:*.m4v=01;35:*.mp4v=01;35:*.vob=01;35:*.qt=01;35:*.nuv=01;35:*.wmv=01;35:*.asf=01;35:*.rm=01;35:*.rmvb=01;35:*.flc=01;35:*.avi=01;35:*.fli=01;35:*.flv=01;35:*.gl=01;35:*.dl=01;35:*.xcf=01;35:*.xwd=01;35:*.yuv=01;35:*.cgm=01;35:*.emf=01;35:*.axv=01;35:*.anx=01;35:*.ogv=01;35:*.ogx=01;35:*.aac=01;36:*.au=01;36:*.flac=01;36:*.mid=01;36:*.midi=01;36:*.mka=01;36:*.mp3=01;36:*.mpc=01;36:*.ogg=01;36:*.ra=01;36:*.wav=01;36:*.axa=01;36:*.oga=01;36:*.spx=01;36:*.xspf=01;36:
CVS_RSH=ssh
G_BROKEN_FILENAMES=1
SSH_ASKPASS=/usr/libexec/openssh/gnome-ssh-askpass
KDEDIRS=/usr
KDE_IS_PRELINKED=1
LESSOPEN=||/usr/bin/lesspipe.sh %s
QTDIR=/usr/lib64/qt-3.3
QTINC=/usr/lib64/qt-3.3/include
QTLIB=/usr/lib64/qt-3.3/lib
ASSURAHOME=/usr/cad/cadence/ASSURA/cur
LD_LIBRARY_PATH=/usr/spring_soft/verdi/cur/share/PLI/nc_xl/LINUX/xl_shared:/usr/spring_soft/verdi/cur/share/PLI/nc_xl/LINUX/nc_shared:/usr/cad/cadence/INCISIV/cur/tools/lib:/usr/cad/cadence/INCISIV/cur/tools/vtools/vfault/lib:::/usr/cad/innovus/cur//tools/tlfUtil/lib:/usr/cad/synopsys/cosmos_scope/cur/CosmosScope/bin:/usr/spring_soft/verdi/cur/share/PLI/nc_xl/LINUX/xl_shared:/usr/spring_soft/verdi/cur/share/PLI/nc_xl/LINUX/nc_shared:/home/raid7_4/raid1_1/linux/novas/verdi/cur/share/PLI/IUS/LINUX/:/usr/cad/synopsys/vera/cur/cur/lib
LM_LICENSE_FILE=26585@lscic:5280@lscic:5280@lsnchu:5280@lscic:1717@lscic:26585@lsntu:5280@lsntu:5280@lsncku:
VERPLEX_HOME=/usr/cad/cadence/CONFRML/cur
OAHOME=/usr/cad/cadence/oa_v22.04.073
OA_HOME=/usr/cad/innovus/cur/oa
CDS_Netlisting_Mode=Analog
NEOCKTHOME=/usr/cad/cadence/NEOCIRCUIT/cur/tools/NeoCircuit
ENCOUNTER=/usr/cad/innovus/cur/tools/fe
MGC_HOME=/usr/mentor/calibre/cur
MGC_TMPDIR=/tmp
MGC_LOCATION_MAP=NO_MAP
SHLIB_PATH=/usr/spring_soft/verdi/cur/share/PLI/nc_xl/LINUX/xl_shared:/usr/spring_soft/verdi/cur/share/PLI/nc_xl/LINUX/nc_shared:/usr/spring_soft/verdi/cur/share/PLI/nc_xl/LINUX/xl_shared:/usr/spring_soft/verdi/cur/share/PLI/nc_xl/LINUX/nc_shared
XKEYSYMDB=/usr/cad/synopsys/astro/cur/etc/XKeysymDB
XLOCALEDIR=/usr/cad/synopsys/astro/cur/etc/locale
SYNTHESIS=/usr/cad/synopsys/synthesis/cur
SYN_MAN_DIR=/usr/cad/synopsys/synthesis/cur/doc/syn/man
MANPATH=/usr/cad/synopsys/primepower/cur/doc/pp/man:/usr/cad/synopsys/primepower/cur/doc/pt/man:/usr/cad/synopsys/pathmill/cur/doc/pm/man:/usr/cad/synopsys/pathmill/cur/doc/amps/man:/usr/cad/synopsys/nanosim/cur/doc/ns/man:/usr/cad/synopsys/synthesis/cur/doc/syn/man
SNPS_ARCH=linux
TARGET_ARCH=linux
CCSS_KEYS=26585@lscic:1717@lscic:26585@lsntu:5280@lscic:5280@lsnchu:5280@lscic:5280@lsntu:5280@lsncku:
SYNOPSYS_CCSS=/usr/cad/synopsys/ccss/cur/linux/ccss
CCSS_GNUHOME=/usr/cad/synopsys/ccss/cur/linux/gnupackages
CCSS_DEBUGGER=ddd --gdb --debugger /usr/cad/synopsys/ccss/cur/linux/ccss/bin/gdbw --directory /usr/cad/synopsys/ccss/cur/linux/ccss/ccss_systemc/include/sysc/kernel --session ccss_dbg_ddd
DDD_SESSIONS=.
CCSS_SIM_DIR=/home/raid7_2/userb06/b06167/SIM
SYSTEMC_HOME=/usr/cad/synopsys/ccss/cur/linux/ccss/ccss_systemc
FORMALITY=/usr/cad/synopsys/formality/cur
installdir=/usr/cad/synopsys/hspice/cur/hspice
ARCH=linux64
CMIARCH=RH_64
mraarch=linux_64
TMIARCH=RH_64
HSP_HOME=/usr/cad/synopsys/hspice/cur/hspice
CDPL_HOME=/usr/cad/synopsys/hspice/cur/hspice/cdpl
SPAPI_AHDL_INCLUDE=/usr/cad/synopsys/hspice/cur/hspice/include
HSP_SIGMA_AMP=/usr/cad/synopsys/hspice/cur/hspice/linux64/python/Omega/Omega
SNPS_PLATFORM=linux64
HSP_GCC=/usr/cad/synopsys/hspice/cur/hspice/GNU/linux64/gcc/bin/gcc -m64 
SNPS_64=1
HSP_GCC_VERSION=6.2.0
CDS_LOAD_ENV=CSF
LEDA_PATH=/usr/cad/synopsys/leda/cur
SNPS_SIMIF=/usr/cad/synopsys/nanosim/cur
synopsys_root=/usr/cad/synopsys/pathmill/cur
PRIMEPOWER=/usr/cad/synopsys/primepower/cur
PRIMETIME=/usr/cad/synopsys/primetime/cur
SYNOPSYS_SCIROCCO=/usr/cad/synopsys/scirocco/cur
SYNOPSYS_SIM=/usr/cad/synopsys/scirocco/cur
SYNOPSYS_TMAX=/usr/cad/synopsys/tmax/cur
VCS_HOME=/usr/cad/synopsys/vcs/cur
VCS_CC=gcc
VERA_HOME=/usr/cad/synopsys/vera/cur/cur
_IRUNROOT_=/usr/cad/cadence/INCISIV/cur/tools
CDS_ARCH=lnx86
NCRUNMODE=ncverilog:./INCA_libs/irun.lnx86.15.20.nc
IRUNBATCH=FALSE
IMPERAS_PORT_FILE=.vsp_ovp_gdb_port
TCL_LIBRARY=/usr/cad/cadence/INCISIV/cur/tools/inca/files/tcl/library
Runtime command line arguments:
argv[0]=ncverilog
argv[1]=Final_tb.v
argv[2]=CHIP_half_word.v
argv[3]=slow_memory.v
argv[4]=+define+hasHazard
argv[5]=+access+r
119 profile - 100
          CPU/Mem usage: 1.190 sys,  0.020 user,  58.53M sys,  0.00M vm
120 VC callback profile - scalar:0 vector:0
121 Fri Jun 26 00:13:16 2020
122 pliAppInit
123 FSDB_GATE is disabled.
124 Enable Parallel Dumping.
125 pliAppMiscSet: New Sim Round
126 pliEntryInit
127 LIBSSCORE=found /home/raid7_4/raid1_1/linux/novas/verdi/cur/share/PLI/IUS/LINUX/libsscore_ius152.so through $LD_LIBRARY_PATH setting.
128 argv[0]: Final.fsdb
129 argv[0]: 0
130 argv[1]: (handle)0xbc73e50 Final_tb
131 argv[2]: +mda
132 FSDB Dumper for IUS, Release Verdi_N-2017.12, Linux, 11/12/2017
133 (C) 1996 - 2017 by Synopsys, Inc.
134 sps_call_fsdbDumpfile at 0 : /home/raid7_2/userb06/b06167/DSD_Final/Extension/Compression/DEADxF625/src_half_word/Final_tb.v(134)
135 argv[0]: Final.fsdb
136 *Verdi* FSDB WARNING: The FSDB file already exists. Overwriting the FSDB file may crash the programs that are using this file.
137 *Verdi* : Create FSDB file 'Final.fsdb'
138 sps_call_fsdbDumpvars at 0 : /home/raid7_2/userb06/b06167/DSD_Final/Extension/Compression/DEADxF625/src_half_word/Final_tb.v(135)
139 argv[0]: 0
140 argv[1]: (handle)0xbc73e50 Final_tb
141 argv[2]: +mda
142 *Verdi* : Begin traversing the scope (Final_tb), layer (0).
143 *Verdi* : Enable +mda dumping.
144 *Verdi* : End of traversing.
145 fsdbDumpvars traverse var: profile - 
          CPU/Mem usage: 1.200 sys,  0.060 user,  141.28M sys,  0.00M vm
                   incr: 0.000 sys,  0.030 user,  3.94M sys,  0.00M vm
                   accu: 0.000 sys,  0.030 user,  3.94M sys,  0.00M vm
              accu incr: 0.000 sys,  0.030 user,  3.94M sys,  0.00M vm

          Count usage: 4666 var,  4514 idcode,  4518 callback
                 incr: 4666 var,  4514 idcode,  4518 callback
                 accu: 4666 var,  4514 idcode,  4518 callback
            accu incr: 4666 var,  4514 idcode,  4518 callback
146 VC callback profile - scalar:0 vector:0
147 Fri Jun 26 00:13:16 2020
148 fsdbDumpvars: profile - 
          CPU/Mem usage: 1.200 sys,  0.060 user,  142.47M sys,  0.00M vm
                   incr: 0.000 sys,  0.000 user,  1.19M sys,  0.00M vm
                   accu: 0.000 sys,  0.030 user,  5.13M sys,  0.00M vm
              accu incr: 0.000 sys,  0.000 user,  1.19M sys,  0.00M vm

          Count usage: 4666 var,  4514 idcode,  4518 callback
                 incr: 0 var,  0 idcode,  0 callback
                 accu: 4666 var,  4514 idcode,  4518 callback
            accu incr: 0 var,  0 idcode,  0 callback
149 VC callback profile - scalar:162 vector:4352
150 Fri Jun 26 00:13:16 2020
151 sps_call_fsdbDumpvars at 0 : /home/raid7_2/userb06/b06167/DSD_Final/Extension/Compression/DEADxF625/src_half_word/Final_tb.v(136)
152 *Verdi* : Begin traversing the scopes, layer (0).
153 *Verdi* : End of traversing.
154 fsdbDumpvars traverse var: profile - 
          CPU/Mem usage: 1.200 sys,  0.060 user,  142.47M sys,  0.00M vm
                   incr: 0.000 sys,  0.000 user,  0.00M sys,  0.00M vm
                   accu: 0.000 sys,  0.000 user,  0.00M sys,  0.00M vm
              accu incr: 0.000 sys,  0.000 user,  0.00M sys,  0.00M vm

          Count usage: 5153 var,  4520 idcode,  4524 callback
                 incr: 487 var,  6 idcode,  6 callback
                 accu: 487 var,  6 idcode,  6 callback
            accu incr: 487 var,  6 idcode,  6 callback
155 VC callback profile - scalar:162 vector:4352
156 Fri Jun 26 00:13:16 2020
157 fsdbDumpvars: profile - 
          CPU/Mem usage: 1.200 sys,  0.060 user,  142.47M sys,  0.00M vm
                   incr: 0.000 sys,  0.000 user,  0.00M sys,  0.00M vm
                   accu: 0.000 sys,  0.000 user,  0.00M sys,  0.00M vm
              accu incr: 0.000 sys,  0.000 user,  0.00M sys,  0.00M vm

          Count usage: 5153 var,  4520 idcode,  4524 callback
                 incr: 0 var,  0 idcode,  0 callback
                 accu: 487 var,  6 idcode,  6 callback
            accu incr: 0 var,  0 idcode,  0 callback
158 VC callback profile - scalar:327 vector:4515
159 Fri Jun 26 00:13:16 2020
160 End of simulation at 4489500
161 VC callback profile - scalar:107667 vector:3507015
162 Fri Jun 26 00:13:19 2020
163 Begin FSDB profile info:
164 FSDB Writer : bc1(107667) bcn(3507015) mtf/stf(0/0)
FSDB Writer elapsed time : flush(0.176603) io wait(0.000000) theadpool wait(0.000000) target functin(0.000000)
FSDB Writer cpu time : MT Compression : 0
165 End FSDB profile info
166 Parallel profile    -  Flush:4 Expand:0 ProduceWait:0 ConsumerWait:21 BlockUsed:22
167                        ProduceTime:2.477796975 ConsumerTime:0.761398435 Buffer:64MB
168 SimExit
169 Sim process exit
